<?xml version="1.0" encoding="UTF-8"?>
<Site BuildName="Linux-clang++"
	BuildStamp="20240508-0104-Experimental"
	Name="GreenMachine"
	Generator="ctest-3.29.2"
	CompilerName="/usr/bin/clang++"
	CompilerVersion="17.0.6"
	OSName="Linux"
	Hostname="GreenMachine"
	OSRelease="6.8.9-lqx1-2-lqx"
	OSVersion="#1 ZEN SMP PREEMPT Mon, 06 May 2024 23:54:18 +0000"
	OSPlatform="x86_64"
	Is64Bits="1"
	VendorString="AuthenticAMD"
	VendorID="Advanced Micro Devices"
	FamilyID="25"
	ModelID="80"
	ProcessorCacheSize="512"
	NumberOfLogicalCPU="12"
	NumberOfPhysicalCPU="6"
	TotalVirtualMemory="4095"
	TotalPhysicalMemory="31431"
	LogicalProcessorsPerPhysical="2"
	ProcessorClockFrequency="4195.25"
	>
	<Testing>
		<StartDateTime>May 07 21:55 EDT</StartDateTime>
		<StartTestTime>1715133322</StartTestTime>
		<TestList/>
		<EndDateTime>May 07 21:55 EDT</EndDateTime>
		<EndTestTime>1715133322</EndTestTime>
		<ElapsedMinutes>0</ElapsedMinutes>
	</Testing>
</Site>
